# JRE version: OpenJDK Runtime Environment (8.0_242-b01) (build 1.8.0_242-release-1644-b01)
# Java VM: OpenJDK 64-Bit Server VM (25.242-b01 mixed mode windows-amd64 compressed oops)
Heap:
 PSYoungGen      total 419328K, used 306293K [0x00000000e0000000, 0x0000000100000000, 0x0000000100000000)
  eden space 310784K, 98% used [0x00000000e0000000,0x00000000f2b1d468,0x00000000f2f80000)
  from space 108544K, 0% used [0x00000000f9600000,0x00000000f9600000,0x0000000100000000)
  to   space 104960K, 0% used [0x00000000f2f80000,0x00000000f2f80000,0x00000000f9600000)
 ParOldGen       total 294912K, used 89883K [0x00000000a0000000, 0x00000000b2000000, 0x00000000e0000000)
  object space 294912K, 30% used [0x00000000a0000000,0x00000000a57c6cb0,0x00000000b2000000)
 Metaspace       used 90318K, capacity 94068K, committed 94168K, reserved 1130496K
  class space    used 11735K, capacity 12496K, committed 12504K, reserved 1048576K
GC Heap History (10 events):
Event: 55.897 GC heap before
{Heap before GC invocations=23 (full 4):
 PSYoungGen      total 306688K, used 53739K [0x00000000e0000000, 0x00000000fe200000, 0x0000000100000000)
  eden space 252928K, 0% used [0x00000000e0000000,0x00000000e0000000,0x00000000ef700000)
  from space 53760K, 99% used [0x00000000ef700000,0x00000000f2b7ae20,0x00000000f2b80000)
  to   space 91648K, 0% used [0x00000000f8880000,0x00000000f8880000,0x00000000fe200000)
 ParOldGen       total 158720K, used 158647K [0x00000000a0000000, 0x00000000a9b00000, 0x00000000e0000000)
  object space 158720K, 99% used [0x00000000a0000000,0x00000000a9aedd80,0x00000000a9b00000)
 Metaspace       used 82840K, capacity 86652K, committed 86872K, reserved 1124352K
  class space    used 11000K, capacity 11754K, committed 11864K, reserved 1048576K
Event: 57.238 GC heap after
Heap after GC invocations=23 (full 4):
 PSYoungGen      total 306688K, used 26429K [0x00000000e0000000, 0x00000000fe200000, 0x0000000100000000)
  eden space 252928K, 0% used [0x00000000e0000000,0x00000000e0000000,0x00000000ef700000)
  from space 53760K, 49% used [0x00000000ef700000,0x00000000f10cf488,0x00000000f2b80000)
  to   space 91648K, 0% used [0x00000000f8880000,0x00000000f8880000,0x00000000fe200000)
 ParOldGen       total 326144K, used 158541K [0x00000000a0000000, 0x00000000b3e80000, 0x00000000e0000000)
  object space 326144K, 48% used [0x00000000a0000000,0x00000000a9ad3730,0x00000000b3e80000)
 Metaspace       used 82594K, capacity 85994K, committed 86872K, reserved 1124352K
  class space    used 10916K, capacity 11605K, committed 11864K, reserved 1048576K
}
Event: 60.004 GC heap before
{Heap before GC invocations=24 (full 4):
 PSYoungGen      total 306688K, used 279357K [0x00000000e0000000, 0x00000000fe200000, 0x0000000100000000)
  eden space 252928K, 100% used [0x00000000e0000000,0x00000000ef700000,0x00000000ef700000)
  from space 53760K, 49% used [0x00000000ef700000,0x00000000f10cf488,0x00000000f2b80000)
  to   space 91648K, 0% used [0x00000000f8880000,0x00000000f8880000,0x00000000fe200000)
 ParOldGen       total 326144K, used 158541K [0x00000000a0000000, 0x00000000b3e80000, 0x00000000e0000000)
  object space 326144K, 48% used [0x00000000a0000000,0x00000000a9ad3730,0x00000000b3e80000)
 Metaspace       used 82693K, capacity 86094K, committed 86872K, reserved 1124352K
  class space    used 10929K, capacity 11611K, committed 11864K, reserved 1048576K
Event: 60.276 GC heap after
Heap after GC invocations=24 (full 4):
 PSYoungGen      total 344576K, used 91616K [0x00000000e0000000, 0x00000000fe200000, 0x0000000100000000)
  eden space 252928K, 0% used [0x00000000e0000000,0x00000000e0000000,0x00000000ef700000)
  from space 91648K, 99% used [0x00000000f8880000,0x00000000fe1f80f0,0x00000000fe200000)
  to   space 53760K, 0% used [0x00000000ef700000,0x00000000ef700000,0x00000000f2b80000)
 ParOldGen       total 326144K, used 173028K [0x00000000a0000000, 0x00000000b3e80000, 0x00000000e0000000)
  object space 326144K, 53% used [0x00000000a0000000,0x00000000aa8f9340,0x00000000b3e80000)
 Metaspace       used 82693K, capacity 86094K, committed 86872K, reserved 1124352K
  class space    used 10929K, capacity 11611K, committed 11864K, reserved 1048576K
}
Event: 63.396 GC heap before
{Heap before GC invocations=25 (full 4):
 PSYoungGen      total 344576K, used 344544K [0x00000000e0000000, 0x00000000fe200000, 0x0000000100000000)
  eden space 252928K, 100% used [0x00000000e0000000,0x00000000ef700000,0x00000000ef700000)
  from space 91648K, 99% used [0x00000000f8880000,0x00000000fe1f80f0,0x00000000fe200000)
  to   space 53760K, 0% used [0x00000000ef700000,0x00000000ef700000,0x00000000f2b80000)
 ParOldGen       total 326144K, used 173028K [0x00000000a0000000, 0x00000000b3e80000, 0x00000000e0000000)
  object space 326144K, 53% used [0x00000000a0000000,0x00000000aa8f9340,0x00000000b3e80000)
 Metaspace       used 82752K, capacity 86140K, committed 86872K, reserved 1124352K
  class space    used 10936K, capacity 11644K, committed 11864K, reserved 1048576K
Event: 64.000 GC heap after
Heap after GC invocations=25 (full 4):
 PSYoungGen      total 306688K, used 47866K [0x00000000e0000000, 0x0000000100000000, 0x0000000100000000)
  eden space 252928K, 0% used [0x00000000e0000000,0x00000000e0000000,0x00000000ef700000)
  from space 53760K, 89% used [0x00000000ef700000,0x00000000f25bea50,0x00000000f2b80000)
  to   space 108544K, 0% used [0x00000000f9600000,0x00000000f9600000,0x0000000100000000)
 ParOldGen       total 326144K, used 261419K [0x00000000a0000000, 0x00000000b3e80000, 0x00000000e0000000)
  object space 326144K, 80% used [0x00000000a0000000,0x00000000aff4afa8,0x00000000b3e80000)
 Metaspace       used 82752K, capacity 86140K, committed 86872K, reserved 1124352K
  class space    used 10936K, capacity 11644K, committed 11864K, reserved 1048576K
}
Event: 74.652 GC heap before
{Heap before GC invocations=26 (full 4):
 PSYoungGen      total 306688K, used 300794K [0x00000000e0000000, 0x0000000100000000, 0x0000000100000000)
  eden space 252928K, 100% used [0x00000000e0000000,0x00000000ef700000,0x00000000ef700000)
  from space 53760K, 89% used [0x00000000ef700000,0x00000000f25bea50,0x00000000f2b80000)
  to   space 108544K, 0% used [0x00000000f9600000,0x00000000f9600000,0x0000000100000000)
 ParOldGen       total 326144K, used 261419K [0x00000000a0000000, 0x00000000b3e80000, 0x00000000e0000000)
  object space 326144K, 80% used [0x00000000a0000000,0x00000000aff4afa8,0x00000000b3e80000)
 Metaspace       used 85626K, capacity 89258K, committed 89560K, reserved 1126400K
  class space    used 11408K, capacity 12149K, committed 12248K, reserved 1048576K
Event: 74.711 GC heap after
Heap after GC invocations=26 (full 4):
 PSYoungGen      total 419328K, used 20925K [0x00000000e0000000, 0x0000000100000000, 0x0000000100000000)
  eden space 310784K, 0% used [0x00000000e0000000,0x00000000e0000000,0x00000000f2f80000)
  from space 108544K, 19% used [0x00000000f9600000,0x00000000faa6f410,0x0000000100000000)
  to   space 104960K, 0% used [0x00000000f2f80000,0x00000000f2f80000,0x00000000f9600000)
 ParOldGen       total 326144K, used 270623K [0x00000000a0000000, 0x00000000b3e80000, 0x00000000e0000000)
  object space 326144K, 82% used [0x00000000a0000000,0x00000000b0847fc8,0x00000000b3e80000)
 Metaspace       used 85626K, capacity 89258K, committed 89560K, reserved 1126400K
  class space    used 11408K, capacity 12149K, committed 12248K, reserved 1048576K
}
Event: 74.712 GC heap before
{Heap before GC invocations=27 (full 5):
 PSYoungGen      total 419328K, used 20925K [0x00000000e0000000, 0x0000000100000000, 0x0000000100000000)
  eden space 310784K, 0% used [0x00000000e0000000,0x00000000e0000000,0x00000000f2f80000)
  from space 108544K, 19% used [0x00000000f9600000,0x00000000faa6f410,0x0000000100000000)
  to   space 104960K, 0% used [0x00000000f2f80000,0x00000000f2f80000,0x00000000f9600000)
 ParOldGen       total 326144K, used 270623K [0x00000000a0000000, 0x00000000b3e80000, 0x00000000e0000000)
  object space 326144K, 82% used [0x00000000a0000000,0x00000000b0847fc8,0x00000000b3e80000)
 Metaspace       used 85626K, capacity 89258K, committed 89560K, reserved 1126400K
  class space    used 11408K, capacity 12149K, committed 12248K, reserved 1048576K
Event: 74.993 GC heap after
Heap after GC invocations=27 (full 5):
 PSYoungGen      total 419328K, used 0K [0x00000000e0000000, 0x0000000100000000, 0x0000000100000000)
  eden space 310784K, 0% used [0x00000000e0000000,0x00000000e0000000,0x00000000f2f80000)
  from space 108544K, 0% used [0x00000000f9600000,0x00000000f9600000,0x0000000100000000)
  to   space 104960K, 0% used [0x00000000f2f80000,0x00000000f2f80000,0x00000000f9600000)
 ParOldGen       total 294912K, used 89883K [0x00000000a0000000, 0x00000000b2000000, 0x00000000e0000000)
  object space 294912K, 30% used [0x00000000a0000000,0x00000000a57c6cb0,0x00000000b2000000)
 Metaspace       used 85626K, capacity 89258K, committed 89560K, reserved 1126400K
  class space    used 11408K, capacity 12149K, committed 12248K, reserved 1048576K
}

