# JRE version: OpenJDK Runtime Environment (8.0_242-b01) (build 1.8.0_242-release-1644-b01)
# Java VM: OpenJDK 64-Bit Server VM (25.242-b01 mixed mode windows-amd64 compressed oops)
Heap:
 PSYoungGen      total 471040K, used 333112K [0x00000000e0000000, 0x0000000100000000, 0x0000000100000000)
  eden space 424448K, 72% used [0x00000000e0000000,0x00000000f2ca6240,0x00000000f9e80000)
  from space 46592K, 54% used [0x00000000f9e80000,0x00000000fb727f60,0x00000000fcc00000)
  to   space 46592K, 0% used [0x00000000fd280000,0x00000000fd280000,0x0000000100000000)
 ParOldGen       total 193024K, used 110838K [0x00000000a0000000, 0x00000000abc80000, 0x00000000e0000000)
  object space 193024K, 57% used [0x00000000a0000000,0x00000000a6c3d828,0x00000000abc80000)
 Metaspace       used 108741K, capacity 114110K, committed 114304K, reserved 1148928K
  class space    used 13971K, capacity 15106K, committed 15232K, reserved 1048576K
GC Heap History (10 events):
Event: 670.571 GC heap before
{Heap before GC invocations=19 (full 3):
 PSYoungGen      total 501760K, used 501757K [0x00000000e0000000, 0x0000000100000000, 0x0000000100000000)
  eden space 479232K, 100% used [0x00000000e0000000,0x00000000fd400000,0x00000000fd400000)
  from space 22528K, 99% used [0x00000000fd400000,0x00000000fe9ff458,0x00000000fea00000)
  to   space 22528K, 0% used [0x00000000fea00000,0x00000000fea00000,0x0000000100000000)
 ParOldGen       total 109056K, used 65662K [0x00000000a0000000, 0x00000000a6a80000, 0x00000000e0000000)
  object space 109056K, 60% used [0x00000000a0000000,0x00000000a401f9e8,0x00000000a6a80000)
 Metaspace       used 87026K, capacity 90548K, committed 90752K, reserved 1128448K
  class space    used 11327K, capacity 12111K, committed 12160K, reserved 1048576K
Event: 670.709 GC heap after
Heap after GC invocations=19 (full 3):
 PSYoungGen      total 446464K, used 22512K [0x00000000e0000000, 0x0000000100000000, 0x0000000100000000)
  eden space 423936K, 0% used [0x00000000e0000000,0x00000000e0000000,0x00000000f9e00000)
  from space 22528K, 99% used [0x00000000fea00000,0x00000000ffffc3f8,0x0000000100000000)
  to   space 50176K, 0% used [0x00000000f9e00000,0x00000000f9e00000,0x00000000fcf00000)
 ParOldGen       total 109056K, used 107054K [0x00000000a0000000, 0x00000000a6a80000, 0x00000000e0000000)
  object space 109056K, 98% used [0x00000000a0000000,0x00000000a688bba0,0x00000000a6a80000)
 Metaspace       used 87026K, capacity 90548K, committed 90752K, reserved 1128448K
  class space    used 11327K, capacity 12111K, committed 12160K, reserved 1048576K
}
Event: 670.710 GC heap before
{Heap before GC invocations=20 (full 4):
 PSYoungGen      total 446464K, used 22512K [0x00000000e0000000, 0x0000000100000000, 0x0000000100000000)
  eden space 423936K, 0% used [0x00000000e0000000,0x00000000e0000000,0x00000000f9e00000)
  from space 22528K, 99% used [0x00000000fea00000,0x00000000ffffc3f8,0x0000000100000000)
  to   space 50176K, 0% used [0x00000000f9e00000,0x00000000f9e00000,0x00000000fcf00000)
 ParOldGen       total 109056K, used 107054K [0x00000000a0000000, 0x00000000a6a80000, 0x00000000e0000000)
  object space 109056K, 98% used [0x00000000a0000000,0x00000000a688bba0,0x00000000a6a80000)
 Metaspace       used 87026K, capacity 90548K, committed 90752K, reserved 1128448K
  class space    used 11327K, capacity 12111K, committed 12160K, reserved 1048576K
Event: 671.473 GC heap after
Heap after GC invocations=20 (full 4):
 PSYoungGen      total 446464K, used 0K [0x00000000e0000000, 0x0000000100000000, 0x0000000100000000)
  eden space 423936K, 0% used [0x00000000e0000000,0x00000000e0000000,0x00000000f9e00000)
  from space 22528K, 0% used [0x00000000fea00000,0x00000000fea00000,0x0000000100000000)
  to   space 50176K, 0% used [0x00000000f9e00000,0x00000000f9e00000,0x00000000fcf00000)
 ParOldGen       total 193024K, used 104776K [0x00000000a0000000, 0x00000000abc80000, 0x00000000e0000000)
  object space 193024K, 54% used [0x00000000a0000000,0x00000000a66520d8,0x00000000abc80000)
 Metaspace       used 86919K, capacity 90244K, committed 90752K, reserved 1128448K
  class space    used 11292K, capacity 12049K, committed 12160K, reserved 1048576K
}
Event: 6305.919 GC heap before
{Heap before GC invocations=21 (full 4):
 PSYoungGen      total 446464K, used 423936K [0x00000000e0000000, 0x0000000100000000, 0x0000000100000000)
  eden space 423936K, 100% used [0x00000000e0000000,0x00000000f9e00000,0x00000000f9e00000)
  from space 22528K, 0% used [0x00000000fea00000,0x00000000fea00000,0x0000000100000000)
  to   space 50176K, 0% used [0x00000000f9e00000,0x00000000f9e00000,0x00000000fcf00000)
 ParOldGen       total 193024K, used 104776K [0x00000000a0000000, 0x00000000abc80000, 0x00000000e0000000)
  object space 193024K, 54% used [0x00000000a0000000,0x00000000a66520d8,0x00000000abc80000)
 Metaspace       used 103313K, capacity 107856K, committed 108160K, reserved 1142784K
  class space    used 13432K, capacity 14401K, committed 14464K, reserved 1048576K
Event: 6306.936 GC heap after
Heap after GC invocations=21 (full 4):
 PSYoungGen      total 474112K, used 24039K [0x00000000e0000000, 0x0000000100000000, 0x0000000100000000)
  eden space 423936K, 0% used [0x00000000e0000000,0x00000000e0000000,0x00000000f9e00000)
  from space 50176K, 47% used [0x00000000f9e00000,0x00000000fb579ce8,0x00000000fcf00000)
  to   space 49664K, 0% used [0x00000000fcf80000,0x00000000fcf80000,0x0000000100000000)
 ParOldGen       total 193024K, used 104800K [0x00000000a0000000, 0x00000000abc80000, 0x00000000e0000000)
  object space 193024K, 54% used [0x00000000a0000000,0x00000000a66580d8,0x00000000abc80000)
 Metaspace       used 103313K, capacity 107856K, committed 108160K, reserved 1142784K
  class space    used 13432K, capacity 14401K, committed 14464K, reserved 1048576K
}
Event: 12790.776 GC heap before
{Heap before GC invocations=22 (full 4):
 PSYoungGen      total 474112K, used 447975K [0x00000000e0000000, 0x0000000100000000, 0x0000000100000000)
  eden space 423936K, 100% used [0x00000000e0000000,0x00000000f9e00000,0x00000000f9e00000)
  from space 50176K, 47% used [0x00000000f9e00000,0x00000000fb579ce8,0x00000000fcf00000)
  to   space 49664K, 0% used [0x00000000fcf80000,0x00000000fcf80000,0x0000000100000000)
 ParOldGen       total 193024K, used 104800K [0x00000000a0000000, 0x00000000abc80000, 0x00000000e0000000)
  object space 193024K, 54% used [0x00000000a0000000,0x00000000a66580d8,0x00000000abc80000)
 Metaspace       used 103801K, capacity 108418K, committed 108672K, reserved 1142784K
  class space    used 13443K, capacity 14418K, committed 14464K, reserved 1048576K
Event: 12791.721 GC heap after
Heap after GC invocations=22 (full 4):
 PSYoungGen      total 467456K, used 16066K [0x00000000e0000000, 0x00000000ff980000, 0x0000000100000000)
  eden space 424448K, 0% used [0x00000000e0000000,0x00000000e0000000,0x00000000f9e80000)
  from space 43008K, 37% used [0x00000000fcf80000,0x00000000fdf30b08,0x00000000ff980000)
  to   space 46592K, 0% used [0x00000000f9e80000,0x00000000f9e80000,0x00000000fcc00000)
 ParOldGen       total 193024K, used 110386K [0x00000000a0000000, 0x00000000abc80000, 0x00000000e0000000)
  object space 193024K, 57% used [0x00000000a0000000,0x00000000a6bcc9d8,0x00000000abc80000)
 Metaspace       used 103801K, capacity 108418K, committed 108672K, reserved 1142784K
  class space    used 13443K, capacity 14418K, committed 14464K, reserved 1048576K
}
Event: 15406.683 GC heap before
{Heap before GC invocations=23 (full 4):
 PSYoungGen      total 467456K, used 440514K [0x00000000e0000000, 0x00000000ff980000, 0x0000000100000000)
  eden space 424448K, 100% used [0x00000000e0000000,0x00000000f9e80000,0x00000000f9e80000)
  from space 43008K, 37% used [0x00000000fcf80000,0x00000000fdf30b08,0x00000000ff980000)
  to   space 46592K, 0% used [0x00000000f9e80000,0x00000000f9e80000,0x00000000fcc00000)
 ParOldGen       total 193024K, used 110386K [0x00000000a0000000, 0x00000000abc80000, 0x00000000e0000000)
  object space 193024K, 57% used [0x00000000a0000000,0x00000000a6bcc9d8,0x00000000abc80000)
 Metaspace       used 107377K, capacity 112688K, committed 112768K, reserved 1146880K
  class space    used 13861K, capacity 14953K, committed 14976K, reserved 1048576K
Event: 15407.285 GC heap after
Heap after GC invocations=23 (full 4):
 PSYoungGen      total 471040K, used 25247K [0x00000000e0000000, 0x0000000100000000, 0x0000000100000000)
  eden space 424448K, 0% used [0x00000000e0000000,0x00000000e0000000,0x00000000f9e80000)
  from space 46592K, 54% used [0x00000000f9e80000,0x00000000fb727f60,0x00000000fcc00000)
  to   space 46592K, 0% used [0x00000000fd280000,0x00000000fd280000,0x0000000100000000)
 ParOldGen       total 193024K, used 110838K [0x00000000a0000000, 0x00000000abc80000, 0x00000000e0000000)
  object space 193024K, 57% used [0x00000000a0000000,0x00000000a6c3d828,0x00000000abc80000)
 Metaspace       used 107377K, capacity 112688K, committed 112768K, reserved 1146880K
  class space    used 13861K, capacity 14953K, committed 14976K, reserved 1048576K
}

